<?xml version="1.0" encoding="UTF-8"?>
<testsuites name="Test Suite_Cura_Login_DDT" time="48.206" tests="2" failures="0" errors="0">
   <testsuite name="Test Suite_Cura_Login_DDT" tests="2" failures="0" errors="0" time="48.206" skipped="0" timestamp="01-02-2024T18:10:52" hostname="sneha - 10.1.60.193" id="Test Suites/DDT_Cura_Login_TestSuite/Test Suite_Cura_Login_DDT">
      <properties>
         <property name="deviceName" value=""/>
         <property name="devicePlatform" value=""/>
         <property name="logFolder" value="C:\\Users\\sneha\\git\\SI-GuidedProject-706119-1705124660\\Reports\\20240201_181002\\DDT_Cura_Login_TestSuite\\Test Suite_Cura_Login_DDT\\20240201_181005"/>
         <property name="logFiles" value="C:\\Users\\sneha\\git\\SI-GuidedProject-706119-1705124660\\Reports\\20240201_181002\\DDT_Cura_Login_TestSuite\\Test Suite_Cura_Login_DDT\\20240201_181005\\execution0.log"/>
         <property name="attachments" value=""/>
         <property name="hostName" value="sneha - 10.1.60.193"/>
         <property name="os" value="Windows 11 64bit"/>
         <property name="katalonVersion" value="9.1.0.212"/>
         <property name="browser" value="Firefox 122.0"/>
         <property name="hostAddress" value="10.1.60.193"/>
         <property name="sessionId" value="6c89862e-8a72-467f-afd3-c29ce7139fe8"/>
         <property name="seleniumVersion" value="3.141.59"/>
         <property name="proxyInformation" value="ProxyInformation { proxyOption=NO_PROXY, proxyServerType=HTTP, username=, password=********, proxyServerAddress=, proxyServerPort=0, executionList=&quot;&quot;, isApplyToDesiredCapabilities=true }"/>
         <property name="platform" value="Windows 11"/>
      </properties>
      <testcase name="Test Cases/Data Driven Testing_Cura_Login/TC_Cura_Login_001_DDT" time="20.133" classname="Test Cases/Data Driven Testing_Cura_Login/TC_Cura_Login_001_DDT" status="PASSED">
         <system-out><![CDATA[01-02-2024T18:10:55 - [TEST_CASE][PASSED] - Test Cases/Data Driven Testing_Cura_Login/TC_Cura_Login_001_DDT: Test Cases/Data Driven Testing_Cura_Login/TC_Cura_Login_001_DDT

01-02-2024T18:10:55 - [TEST_STEP][PASSED] - openBrowser(""): Browser is opened with url: ''

01-02-2024T18:10:55 - [MESSAGE][INFO] - Starting 'Firefox' driver

01-02-2024T18:10:55 - [MESSAGE][INFO] - Action delay is set to 0 milliseconds

01-02-2024T18:11:01 - [MESSAGE][PASSED] - Browser is opened with url: ''

01-02-2024T18:11:01 - [TEST_STEP][PASSED] - navigateToUrl("https://katalon-demo-cura.herokuapp.com/"): Navigate to 'https://katalon-demo-cura.herokuapp.com/' successfully

01-02-2024T18:11:08 - [MESSAGE][PASSED] - Navigate to 'https://katalon-demo-cura.herokuapp.com/' successfully

01-02-2024T18:11:08 - [TEST_STEP][PASSED] - click(findTestObject("Object Repository/Data Driven Testing Cura Login OR/Page_CURA Healthcare Service/i_fa fa-bars")): Object: 'Object Repository/Data Driven Testing Cura Login OR/Page_CURA Healthcare Service/i_fa fa-bars' is clicked on

01-02-2024T18:11:10 - [MESSAGE][PASSED] - Object: 'Object Repository/Data Driven Testing Cura Login OR/Page_CURA Healthcare Service/i_fa fa-bars' is clicked on

01-02-2024T18:11:10 - [TEST_STEP][PASSED] - click(findTestObject("Object Repository/Data Driven Testing Cura Login OR/Page_CURA Healthcare Service/a_Login")): Object: 'Object Repository/Data Driven Testing Cura Login OR/Page_CURA Healthcare Service/a_Login' is clicked on

01-02-2024T18:11:11 - [MESSAGE][PASSED] - Object: 'Object Repository/Data Driven Testing Cura Login OR/Page_CURA Healthcare Service/a_Login' is clicked on

01-02-2024T18:11:11 - [TEST_STEP][PASSED] - setText(findTestObject("Object Repository/Data Driven Testing Cura Login OR/Page_CURA Healthcare Service/input_username"), Username): Text 'John Doe' is set on object 'Object Repository/Data Driven Testing Cura Login OR/Page_CURA Healthcare Service/input_username'

01-02-2024T18:11:12 - [MESSAGE][PASSED] - Text 'John Doe' is set on object 'Object Repository/Data Driven Testing Cura Login OR/Page_CURA Healthcare Service/input_username'

01-02-2024T18:11:12 - [TEST_STEP][PASSED] - setText(findTestObject("Object Repository/Data Driven Testing Cura Login OR/Page_CURA Healthcare Service/input_password"), Password): Text 'ThisIsNotAPassword' is set on object 'Object Repository/Data Driven Testing Cura Login OR/Page_CURA Healthcare Service/input_password'

01-02-2024T18:11:13 - [MESSAGE][PASSED] - Text 'ThisIsNotAPassword' is set on object 'Object Repository/Data Driven Testing Cura Login OR/Page_CURA Healthcare Service/input_password'

01-02-2024T18:11:13 - [TEST_STEP][PASSED] - click(findTestObject("Object Repository/Data Driven Testing Cura Login OR/Page_CURA Healthcare Service/button_Login")): Object: 'Object Repository/Data Driven Testing Cura Login OR/Page_CURA Healthcare Service/button_Login' is clicked on

01-02-2024T18:11:14 - [MESSAGE][PASSED] - Object: 'Object Repository/Data Driven Testing Cura Login OR/Page_CURA Healthcare Service/button_Login' is clicked on

01-02-2024T18:11:14 - [TEST_STEP][PASSED] - closeBrowser(): Browser is closed

01-02-2024T18:11:15 - [MESSAGE][PASSED] - Browser is closed]]></system-out>
         <system-err><![CDATA[]]></system-err>
      </testcase>
      <testcase name="Test Cases/Data Driven Testing_Cura_Login/TC_Cura_Login_001_DDT" time="24.341" classname="Test Cases/Data Driven Testing_Cura_Login/TC_Cura_Login_001_DDT" status="PASSED">
         <system-out><![CDATA[01-02-2024T18:11:15 - [TEST_CASE][PASSED] - Test Cases/Data Driven Testing_Cura_Login/TC_Cura_Login_001_DDT: Test Cases/Data Driven Testing_Cura_Login/TC_Cura_Login_001_DDT

01-02-2024T18:11:15 - [TEST_STEP][PASSED] - openBrowser(""): Browser is opened with url: ''

01-02-2024T18:11:16 - [MESSAGE][INFO] - Starting 'Firefox' driver

01-02-2024T18:11:16 - [MESSAGE][INFO] - Action delay is set to 0 milliseconds

01-02-2024T18:11:21 - [MESSAGE][PASSED] - Browser is opened with url: ''

01-02-2024T18:11:21 - [TEST_STEP][PASSED] - navigateToUrl("https://katalon-demo-cura.herokuapp.com/"): Navigate to 'https://katalon-demo-cura.herokuapp.com/' successfully

01-02-2024T18:11:34 - [MESSAGE][PASSED] - Navigate to 'https://katalon-demo-cura.herokuapp.com/' successfully

01-02-2024T18:11:34 - [TEST_STEP][PASSED] - click(findTestObject("Object Repository/Data Driven Testing Cura Login OR/Page_CURA Healthcare Service/i_fa fa-bars")): Object: 'Object Repository/Data Driven Testing Cura Login OR/Page_CURA Healthcare Service/i_fa fa-bars' is clicked on

01-02-2024T18:11:35 - [MESSAGE][PASSED] - Object: 'Object Repository/Data Driven Testing Cura Login OR/Page_CURA Healthcare Service/i_fa fa-bars' is clicked on

01-02-2024T18:11:35 - [TEST_STEP][PASSED] - click(findTestObject("Object Repository/Data Driven Testing Cura Login OR/Page_CURA Healthcare Service/a_Login")): Object: 'Object Repository/Data Driven Testing Cura Login OR/Page_CURA Healthcare Service/a_Login' is clicked on

01-02-2024T18:11:35 - [MESSAGE][PASSED] - Object: 'Object Repository/Data Driven Testing Cura Login OR/Page_CURA Healthcare Service/a_Login' is clicked on

01-02-2024T18:11:35 - [TEST_STEP][PASSED] - setText(findTestObject("Object Repository/Data Driven Testing Cura Login OR/Page_CURA Healthcare Service/input_username"), Username): Text 'John Doe' is set on object 'Object Repository/Data Driven Testing Cura Login OR/Page_CURA Healthcare Service/input_username'

01-02-2024T18:11:36 - [MESSAGE][PASSED] - Text 'John Doe' is set on object 'Object Repository/Data Driven Testing Cura Login OR/Page_CURA Healthcare Service/input_username'

01-02-2024T18:11:36 - [TEST_STEP][PASSED] - setText(findTestObject("Object Repository/Data Driven Testing Cura Login OR/Page_CURA Healthcare Service/input_password"), Password): Text '12345' is set on object 'Object Repository/Data Driven Testing Cura Login OR/Page_CURA Healthcare Service/input_password'

01-02-2024T18:11:37 - [MESSAGE][PASSED] - Text '12345' is set on object 'Object Repository/Data Driven Testing Cura Login OR/Page_CURA Healthcare Service/input_password'

01-02-2024T18:11:37 - [TEST_STEP][PASSED] - click(findTestObject("Object Repository/Data Driven Testing Cura Login OR/Page_CURA Healthcare Service/button_Login")): Object: 'Object Repository/Data Driven Testing Cura Login OR/Page_CURA Healthcare Service/button_Login' is clicked on

01-02-2024T18:11:38 - [MESSAGE][PASSED] - Object: 'Object Repository/Data Driven Testing Cura Login OR/Page_CURA Healthcare Service/button_Login' is clicked on

01-02-2024T18:11:38 - [TEST_STEP][PASSED] - closeBrowser(): Browser is closed

01-02-2024T18:11:40 - [MESSAGE][PASSED] - Browser is closed]]></system-out>
         <system-err><![CDATA[]]></system-err>
      </testcase>
      <system-out><![CDATA[01-02-2024T18:10:52 - [TEST_SUITE][FAILED] - Test Suite_Cura_Login_DDT: Test Cases/Data Driven Testing_Cura_Login/TC_Cura_Login_001_DDT FAILED.
Reason:
com.kms.katalon.core.exception.StepFailedException: Unable to open browser with url: ''
	at com.kms.katalon.core.webui.keyword.internal.WebUIKeywordMain.stepFailed(WebUIKeywordMain.groovy:64)
	at com.kms.katalon.core.webui.keyword.internal.WebUIKeywordMain.runKeyword(WebUIKeywordMain.groovy:26)
	at com.kms.katalon.core.webui.keyword.builtin.OpenBrowserKeyword.openBrowser(OpenBrowserKeyword.groovy:81)
	at com.kms.katalon.core.webui.keyword.builtin.OpenBrowserKeyword.execute(OpenBrowserKeyword.groovy:67)
	at com.kms.katalon.core.keyword.internal.KeywordExecutor.executeKeywordForPlatform(KeywordExecutor.groovy:74)
	at com.kms.katalon.core.webui.keyword.WebUiBuiltInKeywords.openBrowser(WebUiBuiltInKeywords.groovy:64)
	at TC_Cura_Login_001_DDT.run(TC_Cura_Login_001_DDT:20)
	at com.kms.katalon.core.main.ScriptEngine.run(ScriptEngine.java:194)
	at com.kms.katalon.core.main.ScriptEngine.runScriptAsRawText(ScriptEngine.java:119)
	at com.kms.katalon.core.main.TestCaseExecutor.runScript(TestCaseExecutor.java:448)
	at com.kms.katalon.core.main.TestCaseExecutor.doExecute(TestCaseExecutor.java:439)
	at com.kms.katalon.core.main.TestCaseExecutor.processExecutionPhase(TestCaseExecutor.java:418)
	at com.kms.katalon.core.main.TestCaseExecutor.accessMainPhase(TestCaseExecutor.java:410)
	at com.kms.katalon.core.main.TestCaseExecutor.execute(TestCaseExecutor.java:285)
	at com.kms.katalon.core.common.CommonExecutor.accessTestCaseMainPhase(CommonExecutor.java:65)
	at com.kms.katalon.core.main.TestSuiteExecutor.accessTestSuiteMainPhase(TestSuiteExecutor.java:148)
	at com.kms.katalon.core.main.TestSuiteExecutor.execute(TestSuiteExecutor.java:106)
	at com.kms.katalon.core.main.TestCaseMain.startTestSuite(TestCaseMain.java:180)
	at TempTestSuite1706791205342.run(TempTestSuite1706791205342.groovy:36)
	at java.base/jdk.internal.reflect.NativeMethodAccessorImpl.invoke0(Native Method)
	at java.base/jdk.internal.reflect.NativeMethodAccessorImpl.invoke(NativeMethodAccessorImpl.java:77)
	at java.base/jdk.internal.reflect.DelegatingMethodAccessorImpl.invoke(DelegatingMethodAccessorImpl.java:43)
Caused by: org.openqa.selenium.WebDriverException: Process unexpectedly closed with status 0
Build info: version: '3.141.59', revision: 'e82be7d358', time: '2018-11-14T08:25:53'
System info: host: 'DESKTOP-GNORBMT', ip: '10.1.60.193', os.name: 'Windows 11', os.arch: 'amd64', os.version: '10.0', java.version: '17.0.7'
Driver info: driver.version: CGeckoDriver
remote stacktrace: 
	at java.base/jdk.internal.reflect.NativeConstructorAccessorImpl.newInstance0(Native Method)
	at java.base/jdk.internal.reflect.NativeConstructorAccessorImpl.newInstance(NativeConstructorAccessorImpl.java:77)
	at java.base/jdk.internal.reflect.DelegatingConstructorAccessorImpl.newInstance(DelegatingConstructorAccessorImpl.java:45)
	at org.openqa.selenium.remote.W3CHandshakeResponse.lambda$errorHandler$0(W3CHandshakeResponse.java:62)
	at org.openqa.selenium.remote.HandshakeResponse.lambda$getResponseFunction$0(HandshakeResponse.java:30)
	at org.openqa.selenium.remote.ProtocolHandshake.lambda$createSession$0(ProtocolHandshake.java:126)
	at org.openqa.selenium.remote.ProtocolHandshake.createSession(ProtocolHandshake.java:128)
	at org.openqa.selenium.remote.ProtocolHandshake.createSession(ProtocolHandshake.java:74)
	at org.openqa.selenium.remote.HttpCommandExecutor.execute(HttpCommandExecutor.java:136)
	at org.openqa.selenium.remote.service.DriverCommandExecutor.execute(DriverCommandExecutor.java:83)
	at org.openqa.selenium.remote.RemoteWebDriver.execute(RemoteWebDriver.java:552)
	at com.kms.katalon.selenium.driver.CFirefoxDriver.execute(CFirefoxDriver.java:28)
	at org.openqa.selenium.remote.RemoteWebDriver.startSession(RemoteWebDriver.java:213)
	at org.openqa.selenium.remote.RemoteWebDriver.<init>(RemoteWebDriver.java:131)
	at org.openqa.selenium.firefox.FirefoxDriver.<init>(FirefoxDriver.java:147)
	at com.kms.katalon.selenium.driver.CFirefoxDriver.<init>(CFirefoxDriver.java:22)
	at com.kms.katalon.core.webui.driver.firefox.CGeckoDriver.<init>(CGeckoDriver.java:12)
	at com.kms.katalon.core.webui.driver.firefox.CGeckoDriver.from(CGeckoDriver.java:17)
	at com.kms.katalon.core.webui.driver.DriverFactory.createNewFirefoxDriver(DriverFactory.java:704)
	at com.kms.katalon.core.webui.driver.DriverFactory.startNewBrowser(DriverFactory.java:366)
	at com.kms.katalon.core.webui.driver.DriverFactory.openWebDriver(DriverFactory.java:264)
	at com.kms.katalon.core.webui.keyword.builtin.OpenBrowserKeyword$_openBrowser_closure1.doCall(OpenBrowserKeyword.groovy:74)
	at com.kms.katalon.core.webui.keyword.builtin.OpenBrowserKeyword$_openBrowser_closure1.call(OpenBrowserKeyword.groovy)
	at com.kms.katalon.core.webui.keyword.internal.WebUIKeywordMain.runKeyword(WebUIKeywordMain.groovy:20)
	... 20 more]]></system-out>
      <system-err><![CDATA[01-02-2024T18:10:52 - [TEST_SUITE][FAILED] - Test Suite_Cura_Login_DDT: Test Cases/Data Driven Testing_Cura_Login/TC_Cura_Login_001_DDT FAILED.
Reason:
com.kms.katalon.core.exception.StepFailedException: Unable to open browser with url: ''
	at com.kms.katalon.core.webui.keyword.internal.WebUIKeywordMain.stepFailed(WebUIKeywordMain.groovy:64)
	at com.kms.katalon.core.webui.keyword.internal.WebUIKeywordMain.runKeyword(WebUIKeywordMain.groovy:26)
	at com.kms.katalon.core.webui.keyword.builtin.OpenBrowserKeyword.openBrowser(OpenBrowserKeyword.groovy:81)
	at com.kms.katalon.core.webui.keyword.builtin.OpenBrowserKeyword.execute(OpenBrowserKeyword.groovy:67)
	at com.kms.katalon.core.keyword.internal.KeywordExecutor.executeKeywordForPlatform(KeywordExecutor.groovy:74)
	at com.kms.katalon.core.webui.keyword.WebUiBuiltInKeywords.openBrowser(WebUiBuiltInKeywords.groovy:64)
	at TC_Cura_Login_001_DDT.run(TC_Cura_Login_001_DDT:20)
	at com.kms.katalon.core.main.ScriptEngine.run(ScriptEngine.java:194)
	at com.kms.katalon.core.main.ScriptEngine.runScriptAsRawText(ScriptEngine.java:119)
	at com.kms.katalon.core.main.TestCaseExecutor.runScript(TestCaseExecutor.java:448)
	at com.kms.katalon.core.main.TestCaseExecutor.doExecute(TestCaseExecutor.java:439)
	at com.kms.katalon.core.main.TestCaseExecutor.processExecutionPhase(TestCaseExecutor.java:418)
	at com.kms.katalon.core.main.TestCaseExecutor.accessMainPhase(TestCaseExecutor.java:410)
	at com.kms.katalon.core.main.TestCaseExecutor.execute(TestCaseExecutor.java:285)
	at com.kms.katalon.core.common.CommonExecutor.accessTestCaseMainPhase(CommonExecutor.java:65)
	at com.kms.katalon.core.main.TestSuiteExecutor.accessTestSuiteMainPhase(TestSuiteExecutor.java:148)
	at com.kms.katalon.core.main.TestSuiteExecutor.execute(TestSuiteExecutor.java:106)
	at com.kms.katalon.core.main.TestCaseMain.startTestSuite(TestCaseMain.java:180)
	at TempTestSuite1706791205342.run(TempTestSuite1706791205342.groovy:36)
	at java.base/jdk.internal.reflect.NativeMethodAccessorImpl.invoke0(Native Method)
	at java.base/jdk.internal.reflect.NativeMethodAccessorImpl.invoke(NativeMethodAccessorImpl.java:77)
	at java.base/jdk.internal.reflect.DelegatingMethodAccessorImpl.invoke(DelegatingMethodAccessorImpl.java:43)
Caused by: org.openqa.selenium.WebDriverException: Process unexpectedly closed with status 0
Build info: version: '3.141.59', revision: 'e82be7d358', time: '2018-11-14T08:25:53'
System info: host: 'DESKTOP-GNORBMT', ip: '10.1.60.193', os.name: 'Windows 11', os.arch: 'amd64', os.version: '10.0', java.version: '17.0.7'
Driver info: driver.version: CGeckoDriver
remote stacktrace: 
	at java.base/jdk.internal.reflect.NativeConstructorAccessorImpl.newInstance0(Native Method)
	at java.base/jdk.internal.reflect.NativeConstructorAccessorImpl.newInstance(NativeConstructorAccessorImpl.java:77)
	at java.base/jdk.internal.reflect.DelegatingConstructorAccessorImpl.newInstance(DelegatingConstructorAccessorImpl.java:45)
	at org.openqa.selenium.remote.W3CHandshakeResponse.lambda$errorHandler$0(W3CHandshakeResponse.java:62)
	at org.openqa.selenium.remote.HandshakeResponse.lambda$getResponseFunction$0(HandshakeResponse.java:30)
	at org.openqa.selenium.remote.ProtocolHandshake.lambda$createSession$0(ProtocolHandshake.java:126)
	at org.openqa.selenium.remote.ProtocolHandshake.createSession(ProtocolHandshake.java:128)
	at org.openqa.selenium.remote.ProtocolHandshake.createSession(ProtocolHandshake.java:74)
	at org.openqa.selenium.remote.HttpCommandExecutor.execute(HttpCommandExecutor.java:136)
	at org.openqa.selenium.remote.service.DriverCommandExecutor.execute(DriverCommandExecutor.java:83)
	at org.openqa.selenium.remote.RemoteWebDriver.execute(RemoteWebDriver.java:552)
	at com.kms.katalon.selenium.driver.CFirefoxDriver.execute(CFirefoxDriver.java:28)
	at org.openqa.selenium.remote.RemoteWebDriver.startSession(RemoteWebDriver.java:213)
	at org.openqa.selenium.remote.RemoteWebDriver.<init>(RemoteWebDriver.java:131)
	at org.openqa.selenium.firefox.FirefoxDriver.<init>(FirefoxDriver.java:147)
	at com.kms.katalon.selenium.driver.CFirefoxDriver.<init>(CFirefoxDriver.java:22)
	at com.kms.katalon.core.webui.driver.firefox.CGeckoDriver.<init>(CGeckoDriver.java:12)
	at com.kms.katalon.core.webui.driver.firefox.CGeckoDriver.from(CGeckoDriver.java:17)
	at com.kms.katalon.core.webui.driver.DriverFactory.createNewFirefoxDriver(DriverFactory.java:704)
	at com.kms.katalon.core.webui.driver.DriverFactory.startNewBrowser(DriverFactory.java:366)
	at com.kms.katalon.core.webui.driver.DriverFactory.openWebDriver(DriverFactory.java:264)
	at com.kms.katalon.core.webui.keyword.builtin.OpenBrowserKeyword$_openBrowser_closure1.doCall(OpenBrowserKeyword.groovy:74)
	at com.kms.katalon.core.webui.keyword.builtin.OpenBrowserKeyword$_openBrowser_closure1.call(OpenBrowserKeyword.groovy)
	at com.kms.katalon.core.webui.keyword.internal.WebUIKeywordMain.runKeyword(WebUIKeywordMain.groovy:20)
	... 20 more]]></system-err>
   </testsuite>
</testsuites>
